[0m[[0m[0mdebug[0m] [0m[0m> Exec(__runWatch console0, Some(d89657dc-c40e-481d-920c-1019154c1bf7), Some(CommandSource(console0)))[0m
[0m[[0m[0mdebug[0m] [0m[0m> Exec(sbtStashOnFailure, None, Some(CommandSource(console0)))[0m
[0m[[0m[0mdebug[0m] [0m[0m> Exec(__preWatch console0, None, Some(CommandSource(console0)))[0m
[0m[[0m[0mdebug[0m] [0m[0m> Exec(run, None, Some(CommandSource(console0)))[0m
[0m[[0m[0mdebug[0m] [0m[0mEvaluating tasks: Compile / run[0m
[0m[[0m[0mdebug[0m] [0m[0mRunning task... Cancel: Signal, check cycles: false, forcegc: true[0m
[0m[[0m[0minfo[0m] [0m[0mcompiling 2 Scala sources to /home/pepe/Projekty/Semestr4/ScalaLab/Graph_Library/target/scala-2.13/classes ...[0m
[0m[[0m[31merror[0m] [0m[0m/home/pepe/Projekty/Semestr4/ScalaLab/Graph_Library/src/main/scala/database/DatabaseService.scala:4:8: not found: object slick[0m
[0m[[0m[31merror[0m] [0m[0mimport slick.jdbc.SQLiteProfile.api._[0m
[0m[[0m[31merror[0m] [0m[0m       ^[0m
[0m[[0m[31merror[0m] [0m[0m/home/pepe/Projekty/Semestr4/ScalaLab/Graph_Library/src/main/scala/database/DatabaseService.scala:7:12: not found: value Database[0m
[0m[[0m[31merror[0m] [0m[0m  val db = Database.forConfig("graphDB")[0m
[0m[[0m[31merror[0m] [0m[0m           ^[0m
[0m[[0m[31merror[0m] [0m[0m/home/pepe/Projekty/Semestr4/ScalaLab/Graph_Library/src/main/scala/database/models/VertexTable.scala:5:8: not found: object slick[0m
[0m[[0m[31merror[0m] [0m[0mimport slick.lifted.Tag[0m
[0m[[0m[31merror[0m] [0m[0m       ^[0m
[0m[[0m[31merror[0m] [0m[0m/home/pepe/Projekty/Semestr4/ScalaLab/Graph_Library/src/main/scala/database/models/VertexTable.scala:6:8: not found: object slick[0m
[0m[[0m[31merror[0m] [0m[0mimport slick.model.Table[0m
[0m[[0m[31merror[0m] [0m[0m       ^[0m
[0m[[0m[31merror[0m] [0m[0mfour errors found[0m
[0m[[0m[31merror[0m] [0m[0m(Compile / [31mcompileIncremental[0m) Compilation failed[0m
[0m[[0m[31merror[0m] [0m[0mTotal time: 0 s, completed 28 maj 2021, 16:01:52[0m
[0m[[0m[0mdebug[0m] [0m[0m> Exec(resumeFromFailure, None, Some(CommandSource(console0)))[0m
[0m[[0m[0mdebug[0m] [0m[0m> Exec(sbtPopOnFailure, None, Some(CommandSource(console0)))[0m
[0m[[0m[0mdebug[0m] [0m[0m> Exec(__postWatch console0, None, Some(CommandSource(console0)))[0m
[0m[[0m[0mdebug[0m] [0m[0m> Exec(resumeFromFailure, None, None)[0m
[0m[[0m[0mdebug[0m] [0m[0m> Exec(__waitWatch console0, None, None)[0m
